C:\Program Files (x86)\Microsoft Visual Studio\2019\Community\MSBuild\Microsoft\VC\v160\Microsoft.CppBuild.targets(477,5): warning MSB8004: Output Directory does not end with a trailing slash.  This build instance will add the slash as it is required to allow proper evaluation of the Output Directory.
  Graphics.cpp
E:\Projects\Evolve\Playground\Graphics.cpp(26,34): warning C4244: '=': conversion from 'double' to 'float', possible loss of data
E:\Projects\Evolve\Playground\Graphics.cpp(30,34): warning C4244: '=': conversion from 'double' to 'float', possible loss of data
E:\Projects\Evolve\Playground\Graphics.cpp(65,46): warning C4244: 'argument': conversion from 'float' to 'int32_t', possible loss of data
E:\Projects\Evolve\Playground\Graphics.cpp(65,24): warning C4244: 'argument': conversion from 'T' to 'int32_t', possible loss of data
          with
          [
              T=float
          ]
E:\Projects\Evolve\Playground\Graphics.cpp(65,17): warning C4244: 'argument': conversion from 'T' to 'int32_t', possible loss of data
          with
          [
              T=float
          ]
E:\Projects\Evolve\Playground\Graphics.cpp(91,40): warning C4244: 'argument': conversion from 'T' to 'int32_t', possible loss of data
          with
          [
              T=float
          ]
E:\Projects\Evolve\Playground\Graphics.cpp(91,32): warning C4244: 'argument': conversion from 'T' to 'int32_t', possible loss of data
          with
          [
              T=float
          ]
E:\Projects\Evolve\Playground\Graphics.cpp(91,24): warning C4244: 'argument': conversion from 'T' to 'int32_t', possible loss of data
          with
          [
              T=float
          ]
E:\Projects\Evolve\Playground\Graphics.cpp(91,16): warning C4244: 'argument': conversion from 'T' to 'int32_t', possible loss of data
          with
          [
              T=float
          ]
E:\Projects\Evolve\Playground\Graphics.cpp(97,15): warning C4244: 'initializing': conversion from 'int32_t' to 'float', possible loss of data
E:\Projects\Evolve\Playground\Graphics.cpp(111,40): warning C4244: 'argument': conversion from 'T' to 'int32_t', possible loss of data
          with
          [
              T=float
          ]
E:\Projects\Evolve\Playground\Graphics.cpp(111,32): warning C4244: 'argument': conversion from 'T' to 'int32_t', possible loss of data
          with
          [
              T=float
          ]
E:\Projects\Evolve\Playground\Graphics.cpp(111,24): warning C4244: 'argument': conversion from 'T' to 'int32_t', possible loss of data
          with
          [
              T=float
          ]
E:\Projects\Evolve\Playground\Graphics.cpp(111,16): warning C4244: 'argument': conversion from 'T' to 'int32_t', possible loss of data
          with
          [
              T=float
          ]
E:\Projects\Evolve\Playground\Graphics.cpp(118,32): warning C4244: 'argument': conversion from 'T' to 'int32_t', possible loss of data
          with
          [
              T=float
          ]
E:\Projects\Evolve\Playground\Graphics.cpp(118,21): warning C4244: 'argument': conversion from 'T' to 'int32_t', possible loss of data
          with
          [
              T=float
          ]
E:\Projects\Evolve\Playground\Graphics.cpp(123,19): warning C4244: 'argument': conversion from 'T' to 'int32_t', possible loss of data
          with
          [
              T=float
          ]
E:\Projects\Evolve\Playground\Graphics.cpp(123,11): warning C4244: 'argument': conversion from 'double' to 'int32_t', possible loss of data
  Generating code
  125 of 698 functions (17.9%) were compiled, the rest were copied from previous compilation.
    2 functions were new in current compilation
    8 functions had inline decision re-evaluated but remain unchanged
  Finished generating code
  Playground.vcxproj -> E:\Projects\Evolve\Build\Playground.exe
